A warning occurred (42 apples)
An error occurred
A warning occurred (42 apples)
An error occurred
TES ERROR
TES ERROR
A warning occurred (42 apples)
An error occurred
TES ERROR
TES ERROR
A warning occurred (42 apples)
An error occurred
A warning occurred (42 apples)
An error occurred
home akses
home akses
landing akses
home akses
Thursday December, 10 2020 21:15:59home akses
Thursday December, 10 2020 21:16:22 home akses
Thursday December, 10 2020 21:23:07 home akses
Thursday December, 10 2020 21:23:51 home akses
Thursday December, 10 2020 21:27:19 landing akses
Thursday December, 10 2020 21:28:36 landing akses
Thursday December, 10 2020 21:35:24 landing akses
Thursday December, 10 2020 21:36:48 landing akses
Thursday December, 10 2020 21:37:31 landing akses
Thursday December, 10 2020 21:41:47 landing akses
Thursday December, 10 2020 21:42:12 landing akses
Thursday December, 10 2020 21:42:44 landing akses
Thursday December, 10 2020 21:49:56 landing akses
Thursday December, 10 2020 21:52:43 landing akses
Thursday December, 10 2020 21:52:47 home akses
Thursday December, 10 2020 21:52:49 landing akses
Thursday December, 10 2020 22:01:58 landing akses
Thursday December, 10 2020 22:20:22 landing akses
